{"/Users/loris/Desktop/express-app/src/app.js": {"path":"/Users/loris/Desktop/express-app/src/app.js","statementMap":{"0":{"start":{"line":1,"column":16},"end":{"line":1,"column":34}},"1":{"start":{"line":3,"column":12},"end":{"line":3,"column":21}},"2":{"start":{"line":5,"column":0},"end":{"line":5,"column":23}},"3":{"start":{"line":7,"column":25},"end":{"line":7,"column":65}},"4":{"start":{"line":9,"column":0},"end":{"line":9,"column":50}},"5":{"start":{"line":10,"column":0},"end":{"line":10,"column":57}},"6":{"start":{"line":11,"column":0},"end":{"line":11,"column":53}},"7":{"start":{"line":13,"column":0},"end":{"line":13,"column":20}}},"fnMap":{},"branchMap":{},"s":{"0":1,"1":1,"2":1,"3":1,"4":1,"5":1,"6":1,"7":1},"f":{},"b":{},"_coverageSchema":"1a1c01bbd47fc00a2c39e90264f33305004495a9","hash":"b7fbaa01737ca8fa28511939aa201d2fa3997e00"}
,"/Users/loris/Desktop/express-app/src/controllers/movieController.js": {"path":"/Users/loris/Desktop/express-app/src/controllers/movieController.js","statementMap":{"0":{"start":{"line":1,"column":15},"end":{"line":26,"column":1}},"1":{"start":{"line":28,"column":18},"end":{"line":30,"column":1}},"2":{"start":{"line":29,"column":2},"end":{"line":29,"column":18}},"3":{"start":{"line":32,"column":21},"end":{"line":42,"column":1}},"4":{"start":{"line":33,"column":13},"end":{"line":33,"column":36}},"5":{"start":{"line":35,"column":16},"end":{"line":35,"column":55}},"6":{"start":{"line":35,"column":39},"end":{"line":35,"column":54}},"7":{"start":{"line":37,"column":2},"end":{"line":41,"column":3}},"8":{"start":{"line":38,"column":4},"end":{"line":38,"column":19}},"9":{"start":{"line":40,"column":4},"end":{"line":40,"column":37}},"10":{"start":{"line":44,"column":20},"end":{"line":56,"column":1}},"11":{"start":{"line":45,"column":16},"end":{"line":45,"column":24}},"12":{"start":{"line":47,"column":2},"end":{"line":47,"column":20}},"13":{"start":{"line":49,"column":2},"end":{"line":49,"column":65}},"14":{"start":{"line":49,"column":39},"end":{"line":49,"column":65}},"15":{"start":{"line":51,"column":2},"end":{"line":51,"column":61}},"16":{"start":{"line":51,"column":47},"end":{"line":51,"column":55}},"17":{"start":{"line":53,"column":2},"end":{"line":53,"column":20}},"18":{"start":{"line":55,"column":2},"end":{"line":55,"column":40}},"19":{"start":{"line":58,"column":0},"end":{"line":62,"column":1}}},"fnMap":{"0":{"name":"(anonymous_0)","decl":{"start":{"line":28,"column":18},"end":{"line":28,"column":19}},"loc":{"start":{"line":28,"column":32},"end":{"line":30,"column":1}},"line":28},"1":{"name":"(anonymous_1)","decl":{"start":{"line":32,"column":21},"end":{"line":32,"column":22}},"loc":{"start":{"line":32,"column":35},"end":{"line":42,"column":1}},"line":32},"2":{"name":"(anonymous_2)","decl":{"start":{"line":35,"column":28},"end":{"line":35,"column":29}},"loc":{"start":{"line":35,"column":39},"end":{"line":35,"column":54}},"line":35},"3":{"name":"(anonymous_3)","decl":{"start":{"line":44,"column":20},"end":{"line":44,"column":21}},"loc":{"start":{"line":44,"column":34},"end":{"line":56,"column":1}},"line":44},"4":{"name":"(anonymous_4)","decl":{"start":{"line":51,"column":36},"end":{"line":51,"column":37}},"loc":{"start":{"line":51,"column":47},"end":{"line":51,"column":55}},"line":51}},"branchMap":{"0":{"loc":{"start":{"line":37,"column":2},"end":{"line":41,"column":3}},"type":"if","locations":[{"start":{"line":37,"column":2},"end":{"line":41,"column":3}},{"start":{"line":39,"column":9},"end":{"line":41,"column":3}}],"line":37},"1":{"loc":{"start":{"line":49,"column":2},"end":{"line":49,"column":65}},"type":"if","locations":[{"start":{"line":49,"column":2},"end":{"line":49,"column":65}},{"start":{},"end":{}}],"line":49}},"s":{"0":1,"1":1,"2":1,"3":1,"4":3,"5":3,"6":8,"7":3,"8":2,"9":1,"10":1,"11":2,"12":2,"13":2,"14":1,"15":1,"16":3,"17":1,"18":1,"19":1},"f":{"0":1,"1":3,"2":8,"3":2,"4":3},"b":{"0":[2,1],"1":[1,1]},"_coverageSchema":"1a1c01bbd47fc00a2c39e90264f33305004495a9","hash":"a4fb2ed0c62d8444e755e2fd2a3a581dad1315fa"}
}
