TN:
SF:src/app.js
FNF:0
FNH:0
DA:1,1
DA:3,1
DA:5,1
DA:7,1
DA:9,1
DA:10,1
DA:11,1
DA:13,1
LF:8
LH:8
BRF:0
BRH:0
end_of_record
TN:
SF:src/controllers/movieController.js
FN:28,(anonymous_0)
FN:32,(anonymous_1)
FN:35,(anonymous_2)
FN:44,(anonymous_3)
FN:51,(anonymous_4)
FNF:5
FNH:5
FNDA:1,(anonymous_0)
FNDA:3,(anonymous_1)
FNDA:8,(anonymous_2)
FNDA:2,(anonymous_3)
FNDA:3,(anonymous_4)
DA:1,1
DA:28,1
DA:29,1
DA:32,1
DA:33,3
DA:35,8
DA:37,3
DA:38,2
DA:40,1
DA:44,1
DA:45,2
DA:47,2
DA:49,2
DA:51,3
DA:53,1
DA:55,1
DA:58,1
LF:17
LH:17
BRDA:37,0,0,2
BRDA:37,0,1,1
BRDA:49,1,0,1
BRDA:49,1,1,1
BRF:4
BRH:4
end_of_record
